{"/Users/marinagrushevska/Documents/DevEducation/homework/paint/script.js": {"path":"/Users/marinagrushevska/Documents/DevEducation/homework/paint/script.js","statementMap":{"0":{"start":{"line":1,"column":0},"end":{"line":3,"column":2}},"1":{"start":{"line":2,"column":4},"end":{"line":2,"column":12}},"2":{"start":{"line":5,"column":14},"end":{"line":33,"column":1}},"3":{"start":{"line":7,"column":8},"end":{"line":7,"column":24}},"4":{"start":{"line":8,"column":8},"end":{"line":8,"column":25}},"5":{"start":{"line":11,"column":8},"end":{"line":11,"column":38}},"6":{"start":{"line":14,"column":8},"end":{"line":14,"column":36}},"7":{"start":{"line":17,"column":8},"end":{"line":17,"column":25}},"8":{"start":{"line":18,"column":8},"end":{"line":18,"column":21}},"9":{"start":{"line":21,"column":8},"end":{"line":21,"column":57}},"10":{"start":{"line":22,"column":8},"end":{"line":22,"column":56}},"11":{"start":{"line":23,"column":8},"end":{"line":23,"column":32}},"12":{"start":{"line":26,"column":16},"end":{"line":26,"column":43}},"13":{"start":{"line":27,"column":8},"end":{"line":27,"column":28}},"14":{"start":{"line":28,"column":8},"end":{"line":28,"column":36}},"15":{"start":{"line":29,"column":8},"end":{"line":29,"column":39}},"16":{"start":{"line":30,"column":8},"end":{"line":30,"column":18}},"17":{"start":{"line":31,"column":8},"end":{"line":31,"column":28}},"18":{"start":{"line":35,"column":12},"end":{"line":80,"column":1}},"19":{"start":{"line":36,"column":17},"end":{"line":36,"column":52}},"20":{"start":{"line":37,"column":19},"end":{"line":37,"column":53}},"21":{"start":{"line":38,"column":24},"end":{"line":38,"column":62}},"22":{"start":{"line":39,"column":20},"end":{"line":39,"column":54}},"23":{"start":{"line":40,"column":14},"end":{"line":40,"column":44}},"24":{"start":{"line":41,"column":18},"end":{"line":41,"column":53}},"25":{"start":{"line":42,"column":14},"end":{"line":42,"column":37}},"26":{"start":{"line":43,"column":23},"end":{"line":43,"column":49}},"27":{"start":{"line":44,"column":16},"end":{"line":44,"column":30}},"28":{"start":{"line":47,"column":8},"end":{"line":47,"column":47}},"29":{"start":{"line":50,"column":4},"end":{"line":50,"column":68}},"30":{"start":{"line":51,"column":4},"end":{"line":51,"column":70}},"31":{"start":{"line":52,"column":4},"end":{"line":52,"column":28}},"32":{"start":{"line":53,"column":4},"end":{"line":53,"column":52}},"33":{"start":{"line":54,"column":4},"end":{"line":57,"column":7}},"34":{"start":{"line":55,"column":8},"end":{"line":55,"column":44}},"35":{"start":{"line":56,"column":8},"end":{"line":56,"column":50}},"36":{"start":{"line":59,"column":4},"end":{"line":59,"column":27}},"37":{"start":{"line":60,"column":4},"end":{"line":60,"column":26}},"38":{"start":{"line":61,"column":4},"end":{"line":63,"column":6}},"39":{"start":{"line":62,"column":8},"end":{"line":62,"column":47}},"40":{"start":{"line":64,"column":4},"end":{"line":66,"column":6}},"41":{"start":{"line":65,"column":8},"end":{"line":65,"column":56}},"42":{"start":{"line":67,"column":4},"end":{"line":69,"column":7}},"43":{"start":{"line":68,"column":8},"end":{"line":68,"column":41}},"44":{"start":{"line":70,"column":4},"end":{"line":72,"column":7}},"45":{"start":{"line":71,"column":8},"end":{"line":71,"column":49}},"46":{"start":{"line":73,"column":4},"end":{"line":76,"column":7}},"47":{"start":{"line":74,"column":8},"end":{"line":74,"column":48}},"48":{"start":{"line":75,"column":8},"end":{"line":75,"column":68}},"49":{"start":{"line":77,"column":4},"end":{"line":79,"column":7}},"50":{"start":{"line":78,"column":8},"end":{"line":78,"column":71}},"51":{"start":{"line":82,"column":0},"end":{"line":82,"column":36}}},"fnMap":{"0":{"name":"(anonymous_0)","decl":{"start":{"line":1,"column":44},"end":{"line":1,"column":45}},"loc":{"start":{"line":1,"column":50},"end":{"line":3,"column":1}},"line":1},"1":{"name":"(anonymous_1)","decl":{"start":{"line":6,"column":4},"end":{"line":6,"column":5}},"loc":{"start":{"line":6,"column":24},"end":{"line":9,"column":5}},"line":6},"2":{"name":"(anonymous_2)","decl":{"start":{"line":10,"column":4},"end":{"line":10,"column":5}},"loc":{"start":{"line":10,"column":38},"end":{"line":12,"column":5}},"line":10},"3":{"name":"(anonymous_3)","decl":{"start":{"line":13,"column":4},"end":{"line":13,"column":5}},"loc":{"start":{"line":13,"column":30},"end":{"line":15,"column":5}},"line":13},"4":{"name":"(anonymous_4)","decl":{"start":{"line":16,"column":4},"end":{"line":16,"column":5}},"loc":{"start":{"line":16,"column":23},"end":{"line":19,"column":5}},"line":16},"5":{"name":"(anonymous_5)","decl":{"start":{"line":20,"column":4},"end":{"line":20,"column":5}},"loc":{"start":{"line":20,"column":29},"end":{"line":24,"column":5}},"line":20},"6":{"name":"(anonymous_6)","decl":{"start":{"line":25,"column":4},"end":{"line":25,"column":5}},"loc":{"start":{"line":25,"column":28},"end":{"line":32,"column":5}},"line":25},"7":{"name":"(anonymous_7)","decl":{"start":{"line":35,"column":12},"end":{"line":35,"column":13}},"loc":{"start":{"line":35,"column":24},"end":{"line":80,"column":1}},"line":35},"8":{"name":"onPaintHandler","decl":{"start":{"line":46,"column":13},"end":{"line":46,"column":27}},"loc":{"start":{"line":46,"column":30},"end":{"line":48,"column":5}},"line":46},"9":{"name":"(anonymous_9)","decl":{"start":{"line":54,"column":41},"end":{"line":54,"column":42}},"loc":{"start":{"line":54,"column":53},"end":{"line":57,"column":5}},"line":54},"10":{"name":"(anonymous_10)","decl":{"start":{"line":61,"column":41},"end":{"line":61,"column":42}},"loc":{"start":{"line":61,"column":47},"end":{"line":63,"column":5}},"line":61},"11":{"name":"(anonymous_11)","decl":{"start":{"line":64,"column":45},"end":{"line":64,"column":46}},"loc":{"start":{"line":64,"column":51},"end":{"line":66,"column":5}},"line":64},"12":{"name":"(anonymous_12)","decl":{"start":{"line":67,"column":34},"end":{"line":67,"column":35}},"loc":{"start":{"line":67,"column":40},"end":{"line":69,"column":5}},"line":67},"13":{"name":"(anonymous_13)","decl":{"start":{"line":70,"column":38},"end":{"line":70,"column":39}},"loc":{"start":{"line":70,"column":44},"end":{"line":72,"column":5}},"line":70},"14":{"name":"(anonymous_14)","decl":{"start":{"line":73,"column":41},"end":{"line":73,"column":42}},"loc":{"start":{"line":73,"column":47},"end":{"line":76,"column":5}},"line":73},"15":{"name":"(anonymous_15)","decl":{"start":{"line":77,"column":39},"end":{"line":77,"column":40}},"loc":{"start":{"line":77,"column":45},"end":{"line":79,"column":5}},"line":77}},"branchMap":{},"s":{"0":1,"1":0,"2":1,"3":1,"4":1,"5":1,"6":1,"7":1,"8":1,"9":1,"10":1,"11":1,"12":1,"13":1,"14":1,"15":1,"16":1,"17":1,"18":1,"19":0,"20":0,"21":0,"22":0,"23":0,"24":0,"25":0,"26":0,"27":0,"28":0,"29":0,"30":0,"31":0,"32":0,"33":0,"34":0,"35":0,"36":0,"37":0,"38":0,"39":0,"40":0,"41":0,"42":0,"43":0,"44":0,"45":0,"46":0,"47":0,"48":0,"49":0,"50":0,"51":1},"f":{"0":0,"1":1,"2":1,"3":1,"4":1,"5":1,"6":1,"7":0,"8":0,"9":0,"10":0,"11":0,"12":0,"13":0,"14":0,"15":0},"b":{},"_coverageSchema":"1a1c01bbd47fc00a2c39e90264f33305004495a9","hash":"5c20f737a5dc7c05d690054b4bf65a44cf6546b6"}
}
